Array
(
    [id] => 34864928817290
    [token] => f5d6e21bb72fa59e2d398e714d0b4aa8
    [cart_token] => c1-104753095c005720c4447e7b0a58d325
    [email] => 
    [gateway] => 
    [buyer_accepts_marketing] => 
    [buyer_accepts_sms_marketing] => 
    [sms_marketing_phone] => 
    [created_at] => 2023-11-20T09:27:19+00:00
    [updated_at] => 2023-11-29T18:16:00+01:00
    [landing_site] => /password
    [note] => 
    [note_attributes] => Array
        (
        )

    [referring_site] => 
    [shipping_lines] => Array
        (
        )

    [shipping_address] => Array
        (
        )

    [taxes_included] => 
    [total_weight] => 0
    [currency] => NGN
    [completed_at] => 
    [phone] => 
    [customer_locale] => en-NG
    [line_items] => Array
        (
            [0] => Array
                (
                    [key] => 43998450614410
                    [fulfillment_service] => manual
                    [gift_card] => 
                    [grams] => 0
                    [presentment_title] => The Collection Snowboard: Liquid
                    [presentment_variant_title] => 
                    [product_id] => 7840858964106
                    [quantity] => 1
                    [requires_shipping] => 1
                    [sku] => 
                    [tax_lines] => Array
                        (
                            [0] => Array
                                (
                                    [position] => 1
                                    [price] => 56.25
                                    [rate] => 0.075
                                    [title] => VAT
                                    [source] => Shopify
                                    [compare_at] => 
                                    [zone] => country
                                    [channel_liable] => 
                                    [identifier] => 
                                )

                        )

                    [taxable] => 1
                    [title] => The Collection Snowboard: Liquid
                    [variant_id] => 43998450614410
                    [variant_title] => 
                    [variant_price] => 749.95
                    [vendor] => Hydrogen Vendor
                    [unit_price_measurement] => Array
                        (
                            [measured_type] => 
                            [quantity_value] => 
                            [quantity_unit] => 
                            [reference_value] => 
                            [reference_unit] => 
                        )

                    [compare_at_price] => 
                    [line_price] => 749.95
                    [price] => 749.95
                    [applied_discounts] => Array
                        (
                        )

                    [destination_location_id] => 
                    [user_id] => 
                    [rank] => 
                    [origin_location_id] => 
                    [properties] => 
                )

        )

    [name] => #34864928817290
    [abandoned_checkout_url] => https://quickstart-ac4df350.myshopify.com/62795415690/checkouts/ac/c1-104753095c005720c4447e7b0a58d325/recover?key=c48e935e6472d9d3c43a898352678b15
    [discount_codes] => Array
        (
        )

    [tax_lines] => Array
        (
            [0] => Array
                (
                    [price] => 56.25
                    [rate] => 0.075
                    [title] => VAT
                )

        )

    [presentment_currency] => NGN
    [source_name] => web
    [total_line_items_price] => 749.95
    [total_tax] => 56.25
    [total_discounts] => 0.00
    [subtotal_price] => 749.95
    [total_price] => 806.20
    [total_duties] => 0.00
    [device_id] => 
    [user_id] => 
    [location_id] => 
    [source_identifier] => 
    [source_url] => 
    [source] => 
    [closed_at] => 
)
Array
(
    [id] => 34864928817290
    [token] => f5d6e21bb72fa59e2d398e714d0b4aa8
    [cart_token] => c1-104753095c005720c4447e7b0a58d325
    [email] => 
    [gateway] => 
    [buyer_accepts_marketing] => 
    [buyer_accepts_sms_marketing] => 
    [sms_marketing_phone] => 
    [created_at] => 2023-11-20T09:27:19+00:00
    [updated_at] => 2023-11-29T18:16:07+01:00
    [landing_site] => /password
    [note] => 
    [note_attributes] => Array
        (
        )

    [referring_site] => 
    [shipping_lines] => Array
        (
            [0] => Array
                (
                    [code] => backup_rate
                    [price] => 1909.90
                    [original_shop_price] => 1909.90
                    [original_shop_markup] => 0.00
                    [source] => shopify_provided_generic_layer
                    [title] => Shipping
                    [presentment_title] => Shipping
                    [phone] => 
                    [tax_lines] => Array
                        (
                        )

                    [custom_tax_lines] => 
                    [markup] => 0.00
                    [carrier_identifier] => 
                    [carrier_service_id] => 
                    [api_client_id] => 580111
                    [delivery_option_group] => Array
                        (
                            [token] => 0205cdbff4642fc9109a31e7e8a534d4
                            [type] => one_time_purchase
                        )

                    [delivery_expectation_range] => 
                    [delivery_expectation_type] => 
                    [id] => 
                    [requested_fulfillment_service_id] => 
                    [delivery_category] => 
                    [validation_context] => 
                    [applied_discounts] => Array
                        (
                        )

                )

        )

    [shipping_address] => Array
        (
            [first_name] => Anuoluwapomeayeerwqww
            [address1] => Alagbomeji
            [phone] => 
            [city] => yaba
            [zip] => 100314
            [province] => Lagos
            [country] => Nigeria
            [last_name] => Wahabs
            [address2] => 1
            [company] => 
            [latitude] => 
            [longitude] => 
            [name] => Anuoluwapomeayeerwqww Wahabs
            [country_code] => NG
            [province_code] => LA
        )

    [taxes_included] => 
    [total_weight] => 0
    [currency] => NGN
    [completed_at] => 
    [phone] => 
    [customer_locale] => en-NG
    [line_items] => Array
        (
            [0] => Array
                (
                    [key] => 43998450614410
                    [fulfillment_service] => manual
                    [gift_card] => 
                    [grams] => 0
                    [presentment_title] => The Collection Snowboard: Liquid
                    [presentment_variant_title] => 
                    [product_id] => 7840858964106
                    [quantity] => 1
                    [requires_shipping] => 1
                    [sku] => 
                    [tax_lines] => Array
                        (
                            [0] => Array
                                (
                                    [position] => 1
                                    [price] => 56.25
                                    [rate] => 0.075
                                    [title] => VAT
                                    [source] => Shopify
                                    [compare_at] => 
                                    [zone] => country
                                    [channel_liable] => 
                                    [identifier] => 
                                )

                        )

                    [taxable] => 1
                    [title] => The Collection Snowboard: Liquid
                    [variant_id] => 43998450614410
                    [variant_title] => 
                    [variant_price] => 749.95
                    [vendor] => Hydrogen Vendor
                    [unit_price_measurement] => Array
                        (
                            [measured_type] => 
                            [quantity_value] => 
                            [quantity_unit] => 
                            [reference_value] => 
                            [reference_unit] => 
                        )

                    [compare_at_price] => 
                    [line_price] => 749.95
                    [price] => 749.95
                    [applied_discounts] => Array
                        (
                        )

                    [destination_location_id] => 
                    [user_id] => 
                    [rank] => 
                    [origin_location_id] => 
                    [properties] => 
                )

        )

    [name] => #34864928817290
    [abandoned_checkout_url] => https://quickstart-ac4df350.myshopify.com/62795415690/checkouts/ac/c1-104753095c005720c4447e7b0a58d325/recover?key=c48e935e6472d9d3c43a898352678b15
    [discount_codes] => Array
        (
        )

    [tax_lines] => Array
        (
            [0] => Array
                (
                    [price] => 56.25
                    [rate] => 0.075
                    [title] => VAT
                )

        )

    [presentment_currency] => NGN
    [source_name] => web
    [total_line_items_price] => 749.95
    [total_tax] => 56.25
    [total_discounts] => 0.00
    [subtotal_price] => 749.95
    [total_price] => 2716.10
    [total_duties] => 0.00
    [device_id] => 
    [user_id] => 
    [location_id] => 
    [source_identifier] => 
    [source_url] => 
    [source] => 
    [closed_at] => 
    [billing_address] => Array
        (
            [first_name] => Anuoluwapomeayeerwqww
            [address1] => Alagbomeji
            [phone] => 
            [city] => yaba
            [zip] => 100314
            [province] => Lagos
            [country] => Nigeria
            [last_name] => Wahabs
            [address2] => 1
            [company] => 
            [latitude] => 
            [longitude] => 
            [name] => Anuoluwapomeayeerwqww Wahabs
            [country_code] => NG
            [province_code] => LA
        )

)
