Array
(
    [0] => 5348353409162
    [1] => da6a4d3a2bdbc3e9902b0c0a99109648
    [2] => 764ecc57dce678702eaa66e0704149be
    [3] => [{"SpecialPackageId":56372,"Quantity":1,"Weight":"1","ItemType":"Normal","WeightRange":0,"ItemName":"The 3p Fulfilled Snowboard","Value":"2629.95","ShipmentType":"Regular","ItemRequiresShipping":true}]
    [4] => 1348204469
    [5] => http://test.giglogisticsse.com/api/thirdparty/TrackAllShipment/1348204469
    [6] => paid
)
Array
(
    [0] => 5348353409162
    [1] => da6a4d3a2bdbc3e9902b0c0a99109648
    [2] => 764ecc57dce678702eaa66e0704149be
    [3] => [{"SpecialPackageId":56372,"Quantity":1,"Weight":"1","ItemType":"Normal","WeightRange":0,"ItemName":"The 3p Fulfilled Snowboard","Value":"2629.95","ShipmentType":"Regular","ItemRequiresShipping":true}]
    [4] => 1348204470
    [5] => http://test.giglogisticsse.com/api/thirdparty/TrackAllShipment/1348204470
    [6] => paid
)
Array
(
    [0] => 5348353409162
    [1] => da6a4d3a2bdbc3e9902b0c0a99109648
    [2] => 764ecc57dce678702eaa66e0704149be
    [3] => [{"SpecialPackageId":56372,"Quantity":1,"Weight":"1","ItemType":"Normal","WeightRange":0,"ItemName":"The 3p Fulfilled Snowboard","Value":"2629.95","ShipmentType":"Regular","ItemRequiresShipping":true}]
    [4] => 1348204471
    [5] => http://test.giglogisticsse.com/api/thirdparty/TrackAllShipment/1348204471
    [6] => paid
)
Array
(
    [0] => 5348353409162
    [1] => da6a4d3a2bdbc3e9902b0c0a99109648
    [2] => 764ecc57dce678702eaa66e0704149be
    [3] => [{"SpecialPackageId":56372,"Quantity":1,"Weight":"1","ItemType":"Normal","WeightRange":0,"ItemName":"The 3p Fulfilled Snowboard","Value":"2629.95","ShipmentType":"Regular","ItemRequiresShipping":true}]
    [4] => 1348204472
    [5] => http://test.giglogisticsse.com/api/thirdparty/TrackAllShipment/1348204472
    [6] => paid
)
Array
(
    [0] => 5348353409162
    [1] => da6a4d3a2bdbc3e9902b0c0a99109648
    [2] => 764ecc57dce678702eaa66e0704149be
    [3] => [{"SpecialPackageId":56372,"Quantity":1,"Weight":"1","ItemType":"Normal","WeightRange":0,"ItemName":"The 3p Fulfilled Snowboard","Value":"2629.95","ShipmentType":"Regular","ItemRequiresShipping":true}]
    [4] => 1348204473
    [5] => http://test.giglogisticsse.com/api/thirdparty/TrackAllShipment/1348204473
    [6] => paid
)
Array
(
    [0] => 5348353409162
    [1] => da6a4d3a2bdbc3e9902b0c0a99109648
    [2] => 764ecc57dce678702eaa66e0704149be
    [3] => [{"SpecialPackageId":56372,"Quantity":1,"Weight":"1","ItemType":"Normal","WeightRange":0,"ItemName":"The 3p Fulfilled Snowboard","Value":"2629.95","ShipmentType":"Regular","ItemRequiresShipping":true}]
    [4] => 1348204475
    [5] => http://test.giglogisticsse.com/api/thirdparty/TrackAllShipment/1348204475
    [6] => paid
)
Array
(
    [0] => 5348353409162
    [1] => da6a4d3a2bdbc3e9902b0c0a99109648
    [2] => 764ecc57dce678702eaa66e0704149be
    [3] => [{"SpecialPackageId":56372,"Quantity":1,"Weight":"1","ItemType":"Normal","WeightRange":0,"ItemName":"The 3p Fulfilled Snowboard","Value":"2629.95","ShipmentType":"Regular","ItemRequiresShipping":true}]
    [4] => 1348204476
    [5] => http://test.giglogisticsse.com/api/thirdparty/TrackAllShipment/1348204476
    [6] => paid
)
Array
(
    [0] => 5348353409162
    [1] => da6a4d3a2bdbc3e9902b0c0a99109648
    [2] => 764ecc57dce678702eaa66e0704149be
    [3] => [{"SpecialPackageId":56372,"Quantity":1,"Weight":"1","ItemType":"Normal","WeightRange":0,"ItemName":"The 3p Fulfilled Snowboard","Value":"2629.95","ShipmentType":"Regular","ItemRequiresShipping":true}]
    [4] => 1348204477
    [5] => http://test.giglogisticsse.com/api/thirdparty/TrackAllShipment/1348204477
    [6] => paid
)
Array
(
    [0] => 5348353409162
    [1] => da6a4d3a2bdbc3e9902b0c0a99109648
    [2] => 764ecc57dce678702eaa66e0704149be
    [3] => [{"SpecialPackageId":56372,"Quantity":1,"Weight":"1","ItemType":"Normal","WeightRange":0,"ItemName":"The 3p Fulfilled Snowboard","Value":"2629.95","ShipmentType":"Regular","ItemRequiresShipping":true}]
    [4] => 1348204478
    [5] => http://test.giglogisticsse.com/api/thirdparty/TrackAllShipment/1348204478
    [6] => paid
)
Array
(
    [0] => 5348353409162
    [1] => da6a4d3a2bdbc3e9902b0c0a99109648
    [2] => 764ecc57dce678702eaa66e0704149be
    [3] => [{"SpecialPackageId":56372,"Quantity":1,"Weight":"1","ItemType":"Normal","WeightRange":0,"ItemName":"The 3p Fulfilled Snowboard","Value":"2629.95","ShipmentType":"Regular","ItemRequiresShipping":true}]
    [4] => 1348204479
    [5] => http://test.giglogisticsse.com/api/thirdparty/TrackAllShipment/1348204479
    [6] => paid
)
Array
(
    [0] => 5348353409162
    [1] => da6a4d3a2bdbc3e9902b0c0a99109648
    [2] => 764ecc57dce678702eaa66e0704149be
    [3] => [{"SpecialPackageId":56372,"Quantity":1,"Weight":"1","ItemType":"Normal","WeightRange":0,"ItemName":"The 3p Fulfilled Snowboard","Value":"2629.95","ShipmentType":"Regular","ItemRequiresShipping":true}]
    [4] => 1348204480
    [5] => http://test.giglogisticsse.com/api/thirdparty/TrackAllShipment/1348204480
    [6] => paid
)
